<?xml version="1.0" encoding="UTF-8"?>
<testng-results ignored="0" total="1" passed="1" failed="0" skipped="0">
  <reporter-output>
  </reporter-output>
  <suite started-at="2024-05-02T11:00:55 IST" name="Surefire suite" finished-at="2024-05-02T11:01:35 IST" duration-ms="40102">
    <groups>
    </groups>
    <test started-at="2024-05-02T11:00:55 IST" name="Surefire test" finished-at="2024-05-02T11:01:35 IST" duration-ms="40102">
      <class name="com.example.AppTest">
        <test-method is-config="true" signature="setupDriver()[pri:0, instance:com.example.AppTest@6156496]" started-at="2024-05-02T11:00:55 IST" name="setupDriver" finished-at="2024-05-02T11:00:59 IST" duration-ms="4147" status="PASS">
          <reporter-output>
          </reporter-output>
        </test-method> <!-- setupDriver -->
        <test-method signature="opentab()[pri:0, instance:com.example.AppTest@6156496]" started-at="2024-05-02T11:00:59 IST" name="opentab" finished-at="2024-05-02T11:01:33 IST" duration-ms="33763" status="PASS">
          <reporter-output>
          </reporter-output>
        </test-method> <!-- opentab -->
        <test-method is-config="true" signature="wrapUp()[pri:0, instance:com.example.AppTest@6156496]" started-at="2024-05-02T11:01:33 IST" name="wrapUp" finished-at="2024-05-02T11:01:35 IST" duration-ms="2077" status="PASS">
          <reporter-output>
          </reporter-output>
        </test-method> <!-- wrapUp -->
      </class> <!-- com.example.AppTest -->
    </test> <!-- Surefire test -->
  </suite> <!-- Surefire suite -->
</testng-results>
